# Vertex list generated by LithUnwrap.
# num_vertices: 30
# num_polygons: 56

VERTICES: 30
0: 0.845487 -5.181713 12.795592
1: 1.216608 0.645164 9.384143
2: -0.316282 0.435187 8.726515
3: -0.703538 -5.496679 12.137963
4: 0.780945 4.267277 4.534131
5: 2.297698 4.582243 5.191760
6: 0.506638 0.015232 7.000239
7: 1.248879 1.170108 9.055328
8: 1.523186 5.422153 6.630322
9: 0.006432 5.107187 5.972694
10: -0.267875 0.855142 8.397700
11: 3.023804 -7.648949 8.767616
12: 1.845899 -2.084544 4.698538
13: 3.411060 -1.822072 5.356167
14: 1.458643 -7.963915 8.068886
15: 2.701090 -7.333982 9.343041
16: 3.072211 -1.402117 5.972694
17: 1.523186 -1.717083 5.273963
18: 1.135929 -7.596454 8.685412
19: 2.168613 3.427366 4.698538
20: 3.217432 2.639951 2.561245
21: 3.104482 0.645164 3.670993
22: 2.055663 1.695052 5.684981
23: 2.749497 0.645164 4.534131
24: 2.023392 0.225209 7.657867
25: 1.539322 3.322378 4.410826
26: 2.555869 2.534962 2.314634
27: 1.426372 1.642558 5.397269
28: 2.475191 0.592670 3.383281
29: 2.087934 0.435187 4.205317

POLYGONS: 56
0: 0 1 2 
1: 2 3 0 
2: 3 2 17 
3: 17 18 3 
4: 0 16 1 
5: 16 0 15 
6: 0 18 15 
7: 18 0 3 
8: 1 16 17 
9: 17 2 1 
10: 7 8 9 
11: 9 10 7 
12: 10 9 4 
13: 4 6 10 
14: 7 5 8 
15: 6 7 10 
16: 8 5 4 
17: 4 9 8 
18: 11 12 13 
19: 12 11 14 
20: 18 17 12 
21: 12 14 18 
22: 15 13 16 
23: 13 15 11 
24: 15 14 11 
25: 14 15 18 
26: 22 19 5 
27: 21 20 19 
28: 23 21 19 
29: 19 22 23 
30: 16 21 23 
31: 21 16 13 
32: 24 7 6 
33: 5 7 24 
34: 24 22 5 
35: 4 19 25 
36: 4 5 19 
37: 26 25 20 
38: 19 20 25 
39: 4 25 27 
40: 27 6 4 
41: 20 21 26 
42: 28 26 21 
43: 12 17 28 
44: 29 28 17 
45: 25 28 29 
46: 25 26 28 
47: 29 27 25 
48: 27 22 6 
49: 6 22 24 
50: 22 27 29 
51: 29 23 22 
52: 16 23 29 
53: 29 17 16 
54: 28 21 12 
55: 21 13 12 
